# JRE version: Java(TM) SE Runtime Environment (8.0_101-b13) (build 1.8.0_101-b13)
# Java VM: Java HotSpot(TM) 64-Bit Server VM (25.101-b13 mixed mode windows-amd64 compressed oops)
Heap:
 PSYoungGen      total 293376K, used 67523K [0x00000000d6100000, 0x00000000ed700000, 0x0000000100000000)
  eden space 273408K, 24% used [0x00000000d6100000,0x00000000da2f0f58,0x00000000e6c00000)
  from space 19968K, 0% used [0x00000000e6c00000,0x00000000e6c00000,0x00000000e7f80000)
  to   space 18944K, 0% used [0x00000000ec480000,0x00000000ec480000,0x00000000ed700000)
 ParOldGen       total 136704K, used 33935K [0x0000000082200000, 0x000000008a780000, 0x00000000d6100000)
  object space 136704K, 24% used [0x0000000082200000,0x0000000084323dd8,0x000000008a780000)
 Metaspace       used 62214K, capacity 62890K, committed 63232K, reserved 1103872K
  class space    used 8261K, capacity 8430K, committed 8448K, reserved 1048576K
GC Heap History (10 events):
Event: 6.133 GC heap before
{Heap before GC invocations=12 (full 2):
 PSYoungGen      total 233984K, used 11498K [0x00000000d6100000, 0x00000000e5700000, 0x0000000100000000)
  eden space 221184K, 0% used [0x00000000d6100000,0x00000000d6100000,0x00000000e3900000)
  from space 12800K, 89% used [0x00000000e4a80000,0x00000000e55bab50,0x00000000e5700000)
  to   space 15360K, 0% used [0x00000000e3900000,0x00000000e3900000,0x00000000e4800000)
 ParOldGen       total 58368K, used 13610K [0x0000000082200000, 0x0000000085b00000, 0x00000000d6100000)
  object space 58368K, 23% used [0x0000000082200000,0x0000000082f4a988,0x0000000085b00000)
 Metaspace       used 34914K, capacity 35284K, committed 35496K, reserved 1081344K
  class space    used 4478K, capacity 4591K, committed 4608K, reserved 1048576K
Event: 6.232 GC heap after
Heap after GC invocations=12 (full 2):
 PSYoungGen      total 233984K, used 0K [0x00000000d6100000, 0x00000000e5700000, 0x0000000100000000)
  eden space 221184K, 0% used [0x00000000d6100000,0x00000000d6100000,0x00000000e3900000)
  from space 12800K, 0% used [0x00000000e4a80000,0x00000000e4a80000,0x00000000e5700000)
  to   space 15360K, 0% used [0x00000000e3900000,0x00000000e3900000,0x00000000e4800000)
 ParOldGen       total 94208K, used 22538K [0x0000000082200000, 0x0000000087e00000, 0x00000000d6100000)
  object space 94208K, 23% used [0x0000000082200000,0x0000000083802bf0,0x0000000087e00000)
 Metaspace       used 34914K, capacity 35284K, committed 35496K, reserved 1081344K
  class space    used 4478K, capacity 4591K, committed 4608K, reserved 1048576K
}
Event: 9.223 GC heap before
{Heap before GC invocations=13 (full 2):
 PSYoungGen      total 233984K, used 221184K [0x00000000d6100000, 0x00000000e5700000, 0x0000000100000000)
  eden space 221184K, 100% used [0x00000000d6100000,0x00000000e3900000,0x00000000e3900000)
  from space 12800K, 0% used [0x00000000e4a80000,0x00000000e4a80000,0x00000000e5700000)
  to   space 15360K, 0% used [0x00000000e3900000,0x00000000e3900000,0x00000000e4800000)
 ParOldGen       total 94208K, used 22538K [0x0000000082200000, 0x0000000087e00000, 0x00000000d6100000)
  object space 94208K, 23% used [0x0000000082200000,0x0000000083802bf0,0x0000000087e00000)
 Metaspace       used 55001K, capacity 55508K, committed 55936K, reserved 1097728K
  class space    used 7349K, capacity 7485K, committed 7552K, reserved 1048576K
Event: 9.246 GC heap after
Heap after GC invocations=13 (full 2):
 PSYoungGen      total 236544K, used 15340K [0x00000000d6100000, 0x00000000e9800000, 0x0000000100000000)
  eden space 221184K, 0% used [0x00000000d6100000,0x00000000d6100000,0x00000000e3900000)
  from space 15360K, 99% used [0x00000000e3900000,0x00000000e47fb3f0,0x00000000e4800000)
  to   space 20992K, 0% used [0x00000000e8380000,0x00000000e8380000,0x00000000e9800000)
 ParOldGen       total 94208K, used 32469K [0x0000000082200000, 0x0000000087e00000, 0x00000000d6100000)
  object space 94208K, 34% used [0x0000000082200000,0x00000000841b5400,0x0000000087e00000)
 Metaspace       used 55001K, capacity 55508K, committed 55936K, reserved 1097728K
  class space    used 7349K, capacity 7485K, committed 7552K, reserved 1048576K
}
Event: 11.268 GC heap before
{Heap before GC invocations=14 (full 2):
 PSYoungGen      total 236544K, used 236524K [0x00000000d6100000, 0x00000000e9800000, 0x0000000100000000)
  eden space 221184K, 100% used [0x00000000d6100000,0x00000000e3900000,0x00000000e3900000)
  from space 15360K, 99% used [0x00000000e3900000,0x00000000e47fb3f0,0x00000000e4800000)
  to   space 20992K, 0% used [0x00000000e8380000,0x00000000e8380000,0x00000000e9800000)
 ParOldGen       total 94208K, used 32469K [0x0000000082200000, 0x0000000087e00000, 0x00000000d6100000)
  object space 94208K, 34% used [0x0000000082200000,0x00000000841b5400,0x0000000087e00000)
 Metaspace       used 57847K, capacity 58446K, committed 58880K, reserved 1099776K
  class space    used 7692K, capacity 7836K, committed 7936K, reserved 1048576K
Event: 11.287 GC heap after
Heap after GC invocations=14 (full 2):
 PSYoungGen      total 289280K, used 9411K [0x00000000d6100000, 0x00000000e9300000, 0x0000000100000000)
  eden space 273408K, 0% used [0x00000000d6100000,0x00000000d6100000,0x00000000e6c00000)
  from space 15872K, 59% used [0x00000000e8380000,0x00000000e8cb0e08,0x00000000e9300000)
  to   space 19968K, 0% used [0x00000000e6c00000,0x00000000e6c00000,0x00000000e7f80000)
 ParOldGen       total 94208K, used 42572K [0x0000000082200000, 0x0000000087e00000, 0x00000000d6100000)
  object space 94208K, 45% used [0x0000000082200000,0x0000000084b933d8,0x0000000087e00000)
 Metaspace       used 57847K, capacity 58446K, committed 58880K, reserved 1099776K
  class space    used 7692K, capacity 7836K, committed 7936K, reserved 1048576K
}
Event: 11.738 GC heap before
{Heap before GC invocations=15 (full 2):
 PSYoungGen      total 289280K, used 34908K [0x00000000d6100000, 0x00000000e9300000, 0x0000000100000000)
  eden space 273408K, 9% used [0x00000000d6100000,0x00000000d79e64f8,0x00000000e6c00000)
  from space 15872K, 59% used [0x00000000e8380000,0x00000000e8cb0e08,0x00000000e9300000)
  to   space 19968K, 0% used [0x00000000e6c00000,0x00000000e6c00000,0x00000000e7f80000)
 ParOldGen       total 94208K, used 42572K [0x0000000082200000, 0x0000000087e00000, 0x00000000d6100000)
  object space 94208K, 45% used [0x0000000082200000,0x0000000084b933d8,0x0000000087e00000)
 Metaspace       used 58388K, capacity 58968K, committed 59136K, reserved 1099776K
  class space    used 7761K, capacity 7903K, committed 7936K, reserved 1048576K
Event: 11.749 GC heap after
Heap after GC invocations=15 (full 2):
 PSYoungGen      total 293376K, used 7771K [0x00000000d6100000, 0x00000000ed700000, 0x0000000100000000)
  eden space 273408K, 0% used [0x00000000d6100000,0x00000000d6100000,0x00000000e6c00000)
  from space 19968K, 38% used [0x00000000e6c00000,0x00000000e7396c50,0x00000000e7f80000)
  to   space 18944K, 0% used [0x00000000ec480000,0x00000000ec480000,0x00000000ed700000)
 ParOldGen       total 94208K, used 42580K [0x0000000082200000, 0x0000000087e00000, 0x00000000d6100000)
  object space 94208K, 45% used [0x0000000082200000,0x0000000084b953d8,0x0000000087e00000)
 Metaspace       used 58388K, capacity 58968K, committed 59136K, reserved 1099776K
  class space    used 7761K, capacity 7903K, committed 7936K, reserved 1048576K
}
Event: 11.749 GC heap before
{Heap before GC invocations=16 (full 3):
 PSYoungGen      total 293376K, used 7771K [0x00000000d6100000, 0x00000000ed700000, 0x0000000100000000)
  eden space 273408K, 0% used [0x00000000d6100000,0x00000000d6100000,0x00000000e6c00000)
  from space 19968K, 38% used [0x00000000e6c00000,0x00000000e7396c50,0x00000000e7f80000)
  to   space 18944K, 0% used [0x00000000ec480000,0x00000000ec480000,0x00000000ed700000)
 ParOldGen       total 94208K, used 42580K [0x0000000082200000, 0x0000000087e00000, 0x00000000d6100000)
  object space 94208K, 45% used [0x0000000082200000,0x0000000084b953d8,0x0000000087e00000)
 Metaspace       used 58388K, capacity 58968K, committed 59136K, reserved 1099776K
  class space    used 7761K, capacity 7903K, committed 7936K, reserved 1048576K
Event: 11.958 GC heap after
Heap after GC invocations=16 (full 3):
 PSYoungGen      total 293376K, used 0K [0x00000000d6100000, 0x00000000ed700000, 0x0000000100000000)
  eden space 273408K, 0% used [0x00000000d6100000,0x00000000d6100000,0x00000000e6c00000)
  from space 19968K, 0% used [0x00000000e6c00000,0x00000000e6c00000,0x00000000e7f80000)
  to   space 18944K, 0% used [0x00000000ec480000,0x00000000ec480000,0x00000000ed700000)
 ParOldGen       total 136704K, used 33935K [0x0000000082200000, 0x000000008a780000, 0x00000000d6100000)
  object space 136704K, 24% used [0x0000000082200000,0x0000000084323dd8,0x000000008a780000)
 Metaspace       used 58388K, capacity 58968K, committed 59136K, reserved 1099776K
  class space    used 7761K, capacity 7903K, committed 7936K, reserved 1048576K
}

